0 info it worked if it ends with ok
1 verbose cli [ '/Users/salmansalman/.nvm/versions/node/v6.3.1/bin/node',
1 verbose cli   '/Users/salmansalman/.nvm/versions/node/v6.3.1/bin/npm',
1 verbose cli   'run',
1 verbose cli   'sandbox' ]
2 info using npm@4.0.3
3 info using node@v6.3.1
4 verbose stack Error: ENOENT: no such file or directory, open '/Users/salmansalman/guilds/Postalicious-HTTP/package.json'
4 verbose stack     at Error (native)
5 verbose cwd /Users/salmansalman/guilds/Postalicious-HTTP
6 error Darwin 15.0.0
7 error argv "/Users/salmansalman/.nvm/versions/node/v6.3.1/bin/node" "/Users/salmansalman/.nvm/versions/node/v6.3.1/bin/npm" "run" "sandbox"
8 error node v6.3.1
9 error npm  v4.0.3
10 error path /Users/salmansalman/guilds/Postalicious-HTTP/package.json
11 error code ENOENT
12 error errno -2
13 error syscall open
14 error enoent ENOENT: no such file or directory, open '/Users/salmansalman/guilds/Postalicious-HTTP/package.json'
15 error enoent ENOENT: no such file or directory, open '/Users/salmansalman/guilds/Postalicious-HTTP/package.json'
15 error enoent This is most likely not a problem with npm itself
15 error enoent and is related to npm not being able to find a file.
16 verbose exit [ -2, true ]
